<?xml version="1.0" encoding="UTF-8"?>
<testng-results ignored="1" total="2" passed="1" failed="0" skipped="0">
  <reporter-output>
  </reporter-output>
  <suite started-at="2020-04-14T12:44:23 IST" name="Suite" finished-at="2020-04-14T12:44:53 IST" duration-ms="30209">
    <groups>
    </groups>
    <test started-at="2020-04-14T12:44:23 IST" name="Test" finished-at="2020-04-14T12:44:53 IST" duration-ms="30209">
      <class name="test.test_class">
        <test-method is-config="true" signature="set_reportname()[pri:0, instance:test.test_class@61d47554]" started-at="2020-04-14T12:44:23 IST" name="set_reportname" finished-at="2020-04-14T12:44:23 IST" duration-ms="13" status="PASS">
          <reporter-output>
          </reporter-output>
        </test-method> <!-- set_reportname -->
        <test-method signature="test_shelf()[pri:1, instance:test.test_class@61d47554]" started-at="2020-04-14T12:44:23 IST" name="test_shelf" finished-at="2020-04-14T12:44:52 IST" duration-ms="29252" status="PASS">
          <reporter-output>
          </reporter-output>
        </test-method> <!-- test_shelf -->
        <test-method is-config="true" signature="close_report()[pri:0, instance:test.test_class@61d47554]" started-at="2020-04-14T12:44:52 IST" name="close_report" finished-at="2020-04-14T12:44:53 IST" duration-ms="914" status="PASS">
          <reporter-output>
          </reporter-output>
        </test-method> <!-- close_report -->
      </class> <!-- test.test_class -->
    </test> <!-- Test -->
  </suite> <!-- Suite -->
</testng-results>
